This file contains any messages produced by compilers while
running configure, to aid debugging if configure makes a mistake.

It was created by cpuminer configure 2.5.1, which was
generated by GNU Autoconf 2.71.  Invocation command line was

  $ ./configure CFLAGS=-O3

## --------- ##
## Platform. ##
## --------- ##

hostname = lima-learning-ebpf
uname -m = aarch64
uname -r = 5.15.0-87-generic
uname -s = Linux
uname -v = #97-Ubuntu SMP Tue Oct 3 09:52:42 UTC 2023

/usr/bin/uname -p = aarch64
/bin/uname -X     = unknown

/bin/arch              = aarch64
/usr/bin/arch -k       = unknown
/usr/convex/getsysinfo = unknown
/usr/bin/hostinfo      = unknown
/bin/machine           = unknown
/usr/bin/oslevel       = unknown
/bin/universe          = unknown

PATH: /usr/local/sbin/
PATH: /usr/local/bin/
PATH: /usr/sbin/
PATH: /usr/bin/
PATH: /sbin/
PATH: /bin/
PATH: /usr/games/
PATH: /usr/local/games/
PATH: /snap/bin/
PATH: /usr/sbin/
PATH: /sbin/
PATH: /usr/sbin/
PATH: /sbin/


## ----------- ##
## Core tests. ##
## ----------- ##

configure:2539: looking for aux files: compile missing install-sh config.guess config.sub
configure:2552:  trying ./
configure:2581:   ./compile found
configure:2581:   ./missing found
configure:2563:   ./install-sh found
configure:2581:   ./config.guess found
configure:2581:   ./config.sub found
configure:2701: checking build system type
configure:2716: result: aarch64-unknown-linux-gnu
configure:2736: checking host system type
configure:2750: result: aarch64-unknown-linux-gnu
configure:2770: checking target system type
configure:2784: result: aarch64-unknown-linux-gnu
configure:2829: checking for a BSD-compatible install
configure:2902: result: /usr/bin/install -c
configure:2913: checking whether build environment is sane
configure:2968: result: yes
configure:3127: checking for a race-free mkdir -p
configure:3171: result: /usr/bin/mkdir -p
configure:3178: checking for gawk
configure:3199: found /usr/bin/gawk
configure:3210: result: gawk
configure:3221: checking whether make sets $(MAKE)
configure:3244: result: yes
configure:3274: checking whether make supports nested variables
configure:3292: result: yes
configure:3432: checking whether to enable maintainer-specific portions of Makefiles
configure:3442: result: no
configure:3469: checking whether make supports the include directive
configure:3484: make -f confmf.GNU && cat confinc.out
this is the am__doit target
configure:3487: $? = 0
configure:3506: result: yes (GNU style)
configure:3582: checking for gcc
configure:3603: found /usr/bin/gcc
configure:3614: result: gcc
configure:3967: checking for C compiler version
configure:3976: gcc --version >&5
gcc (Ubuntu 11.4.0-1ubuntu1~22.04) 11.4.0
Copyright (C) 2021 Free Software Foundation, Inc.
This is free software; see the source for copying conditions.  There is NO
warranty; not even for MERCHANTABILITY or FITNESS FOR A PARTICULAR PURPOSE.

configure:3987: $? = 0
configure:3976: gcc -v >&5
Using built-in specs.
COLLECT_GCC=gcc
COLLECT_LTO_WRAPPER=/usr/lib/gcc/aarch64-linux-gnu/11/lto-wrapper
Target: aarch64-linux-gnu
Configured with: ../src/configure -v --with-pkgversion='Ubuntu 11.4.0-1ubuntu1~22.04' --with-bugurl=file:///usr/share/doc/gcc-11/README.Bugs --enable-languages=c,ada,c++,go,d,fortran,objc,obj-c++,m2 --prefix=/usr --with-gcc-major-version-only --program-suffix=-11 --program-prefix=aarch64-linux-gnu- --enable-shared --enable-linker-build-id --libexecdir=/usr/lib --without-included-gettext --enable-threads=posix --libdir=/usr/lib --enable-nls --enable-bootstrap --enable-clocale=gnu --enable-libstdcxx-debug --enable-libstdcxx-time=yes --with-default-libstdcxx-abi=new --enable-gnu-unique-object --disable-libquadmath --disable-libquadmath-support --enable-plugin --enable-default-pie --with-system-zlib --enable-libphobos-checking=release --with-target-system-zlib=auto --enable-objc-gc=auto --enable-multiarch --enable-fix-cortex-a53-843419 --disable-werror --enable-checking=release --build=aarch64-linux-gnu --host=aarch64-linux-gnu --target=aarch64-linux-gnu --with-build-config=bootstrap-lto-lean --enable-link-serialization=2
Thread model: posix
Supported LTO compression algorithms: zlib zstd
gcc version 11.4.0 (Ubuntu 11.4.0-1ubuntu1~22.04) 
configure:3987: $? = 0
configure:3976: gcc -V >&5
gcc: error: unrecognized command-line option '-V'
gcc: fatal error: no input files
compilation terminated.
configure:3987: $? = 1
configure:3976: gcc -qversion >&5
gcc: error: unrecognized command-line option '-qversion'; did you mean '--version'?
gcc: fatal error: no input files
compilation terminated.
configure:3987: $? = 1
configure:3976: gcc -version >&5
gcc: error: unrecognized command-line option '-version'
gcc: fatal error: no input files
compilation terminated.
configure:3987: $? = 1
configure:4007: checking whether the C compiler works
configure:4029: gcc -O3   conftest.c  >&5
configure:4033: $? = 0
configure:4083: result: yes
configure:4086: checking for C compiler default output file name
configure:4088: result: a.out
configure:4094: checking for suffix of executables
configure:4101: gcc -o conftest -O3   conftest.c  >&5
configure:4105: $? = 0
configure:4128: result: 
configure:4150: checking whether we are cross compiling
configure:4158: gcc -o conftest -O3   conftest.c  >&5
configure:4162: $? = 0
configure:4169: ./conftest
configure:4173: $? = 0
configure:4188: result: no
configure:4193: checking for suffix of object files
configure:4216: gcc -c -O3  conftest.c >&5
configure:4220: $? = 0
configure:4242: result: o
configure:4246: checking whether the compiler supports GNU C
configure:4266: gcc -c -O3  conftest.c >&5
configure:4266: $? = 0
configure:4276: result: yes
configure:4287: checking whether gcc accepts -g
configure:4308: gcc -c -g  conftest.c >&5
configure:4308: $? = 0
configure:4352: result: yes
configure:4372: checking for gcc option to enable C11 features
configure:4387: gcc  -c -O3  conftest.c >&5
configure:4387: $? = 0
configure:4405: result: none needed
configure:4521: checking whether gcc understands -c and -o together
configure:4544: gcc -c conftest.c -o conftest2.o
configure:4547: $? = 0
configure:4544: gcc -c conftest.c -o conftest2.o
configure:4547: $? = 0
configure:4559: result: yes
configure:4578: checking dependency style of gcc
configure:4690: result: gcc3
configure:4712: checking how to run the C preprocessor
configure:4738: gcc -E  conftest.c
configure:4738: $? = 0
configure:4753: gcc -E  conftest.c
conftest.c:11:10: fatal error: ac_nonexistent.h: No such file or directory
   11 | #include <ac_nonexistent.h>
      |          ^~~~~~~~~~~~~~~~~~
compilation terminated.
configure:4753: $? = 1
configure: failed program was:
| /* confdefs.h */
| #define PACKAGE_NAME "cpuminer"
| #define PACKAGE_TARNAME "cpuminer"
| #define PACKAGE_VERSION "2.5.1"
| #define PACKAGE_STRING "cpuminer 2.5.1"
| #define PACKAGE_BUGREPORT ""
| #define PACKAGE_URL ""
| #define PACKAGE "cpuminer"
| #define VERSION "2.5.1"
| /* end confdefs.h.  */
| #include <ac_nonexistent.h>
configure:4780: result: gcc -E
configure:4794: gcc -E  conftest.c
configure:4794: $? = 0
configure:4809: gcc -E  conftest.c
conftest.c:11:10: fatal error: ac_nonexistent.h: No such file or directory
   11 | #include <ac_nonexistent.h>
      |          ^~~~~~~~~~~~~~~~~~
compilation terminated.
configure:4809: $? = 1
configure: failed program was:
| /* confdefs.h */
| #define PACKAGE_NAME "cpuminer"
| #define PACKAGE_TARNAME "cpuminer"
| #define PACKAGE_VERSION "2.5.1"
| #define PACKAGE_STRING "cpuminer 2.5.1"
| #define PACKAGE_BUGREPORT ""
| #define PACKAGE_URL ""
| #define PACKAGE "cpuminer"
| #define VERSION "2.5.1"
| /* end confdefs.h.  */
| #include <ac_nonexistent.h>
configure:4840: checking for grep that handles long lines and -e
configure:4904: result: /usr/bin/grep
configure:4909: checking for egrep
configure:4977: result: /usr/bin/grep -E
configure:4983: checking whether gcc needs -traditional
configure:5020: result: no
configure:5037: checking dependency style of gcc
configure:5147: result: gcc3
configure:5210: checking for ranlib
configure:5231: found /usr/bin/ranlib
configure:5242: result: ranlib
configure:5269: checking for stdio.h
configure:5269: gcc -c -O3  conftest.c >&5
configure:5269: $? = 0
configure:5269: result: yes
configure:5269: checking for stdlib.h
configure:5269: gcc -c -O3  conftest.c >&5
configure:5269: $? = 0
configure:5269: result: yes
configure:5269: checking for string.h
configure:5269: gcc -c -O3  conftest.c >&5
configure:5269: $? = 0
configure:5269: result: yes
configure:5269: checking for inttypes.h
configure:5269: gcc -c -O3  conftest.c >&5
configure:5269: $? = 0
configure:5269: result: yes
configure:5269: checking for stdint.h
configure:5269: gcc -c -O3  conftest.c >&5
configure:5269: $? = 0
configure:5269: result: yes
configure:5269: checking for strings.h
configure:5269: gcc -c -O3  conftest.c >&5
configure:5269: $? = 0
configure:5269: result: yes
configure:5269: checking for sys/stat.h
configure:5269: gcc -c -O3  conftest.c >&5
configure:5269: $? = 0
configure:5269: result: yes
configure:5269: checking for sys/types.h
configure:5269: gcc -c -O3  conftest.c >&5
configure:5269: $? = 0
configure:5269: result: yes
configure:5269: checking for unistd.h
configure:5269: gcc -c -O3  conftest.c >&5
configure:5269: $? = 0
configure:5269: result: yes
configure:5297: checking for egrep
configure:5365: result: /usr/bin/grep -E
configure:5371: checking for sys/endian.h
configure:5371: gcc -c -O3  conftest.c >&5
conftest.c:49:10: fatal error: sys/endian.h: No such file or directory
   49 | #include <sys/endian.h>
      |          ^~~~~~~~~~~~~~
compilation terminated.
configure:5371: $? = 1
configure: failed program was:
| /* confdefs.h */
| #define PACKAGE_NAME "cpuminer"
| #define PACKAGE_TARNAME "cpuminer"
| #define PACKAGE_VERSION "2.5.1"
| #define PACKAGE_STRING "cpuminer 2.5.1"
| #define PACKAGE_BUGREPORT ""
| #define PACKAGE_URL ""
| #define PACKAGE "cpuminer"
| #define VERSION "2.5.1"
| #define HAVE_STDIO_H 1
| #define HAVE_STDLIB_H 1
| #define HAVE_STRING_H 1
| #define HAVE_INTTYPES_H 1
| #define HAVE_STDINT_H 1
| #define HAVE_STRINGS_H 1
| #define HAVE_SYS_STAT_H 1
| #define HAVE_SYS_TYPES_H 1
| #define HAVE_UNISTD_H 1
| #define STDC_HEADERS 1
| /* end confdefs.h.  */
| #include <stddef.h>
| #ifdef HAVE_STDIO_H
| # include <stdio.h>
| #endif
| #ifdef HAVE_STDLIB_H
| # include <stdlib.h>
| #endif
| #ifdef HAVE_STRING_H
| # include <string.h>
| #endif
| #ifdef HAVE_INTTYPES_H
| # include <inttypes.h>
| #endif
| #ifdef HAVE_STDINT_H
| # include <stdint.h>
| #endif
| #ifdef HAVE_STRINGS_H
| # include <strings.h>
| #endif
| #ifdef HAVE_SYS_TYPES_H
| # include <sys/types.h>
| #endif
| #ifdef HAVE_SYS_STAT_H
| # include <sys/stat.h>
| #endif
| #ifdef HAVE_UNISTD_H
| # include <unistd.h>
| #endif
| #include <sys/endian.h>
configure:5371: result: no
configure:5377: checking for sys/param.h
configure:5377: gcc -c -O3  conftest.c >&5
configure:5377: $? = 0
configure:5377: result: yes
configure:5383: checking for syslog.h
configure:5383: gcc -c -O3  conftest.c >&5
configure:5383: $? = 0
configure:5383: result: yes
configure:5392: checking for sys/sysctl.h
configure:5392: gcc -c -O3  conftest.c >&5
conftest.c:29:10: fatal error: sys/sysctl.h: No such file or directory
   29 | #include <sys/sysctl.h>
      |          ^~~~~~~~~~~~~~
compilation terminated.
configure:5392: $? = 1
configure: failed program was:
| /* confdefs.h */
| #define PACKAGE_NAME "cpuminer"
| #define PACKAGE_TARNAME "cpuminer"
| #define PACKAGE_VERSION "2.5.1"
| #define PACKAGE_STRING "cpuminer 2.5.1"
| #define PACKAGE_BUGREPORT ""
| #define PACKAGE_URL ""
| #define PACKAGE "cpuminer"
| #define VERSION "2.5.1"
| #define HAVE_STDIO_H 1
| #define HAVE_STDLIB_H 1
| #define HAVE_STRING_H 1
| #define HAVE_INTTYPES_H 1
| #define HAVE_STDINT_H 1
| #define HAVE_STRINGS_H 1
| #define HAVE_SYS_STAT_H 1
| #define HAVE_SYS_TYPES_H 1
| #define HAVE_UNISTD_H 1
| #define STDC_HEADERS 1
| #define HAVE_SYS_PARAM_H 1
| #define HAVE_SYSLOG_H 1
| /* end confdefs.h.  */
| #include <sys/types.h>
| #ifdef HAVE_SYS_PARAM_H
| #include <sys/param.h>
| #endif
| 
| 
| #include <sys/sysctl.h>
configure:5392: result: no
configure:5405: checking for gcc options needed to detect all undeclared functions
configure:5427: gcc -c -O3   conftest.c >&5
conftest.c: In function 'main':
conftest.c:27:8: error: 'strchr' undeclared (first use in this function)
   27 | (void) strchr;
      |        ^~~~~~
conftest.c:1:1: note: 'strchr' is defined in header '<string.h>'; did you forget to '#include <string.h>'?
    1 | /* confdefs.h */
conftest.c:27:8: note: each undeclared identifier is reported only once for each function it appears in
   27 | (void) strchr;
      |        ^~~~~~
configure:5427: $? = 1
configure: failed program was:
| /* confdefs.h */
| #define PACKAGE_NAME "cpuminer"
| #define PACKAGE_TARNAME "cpuminer"
| #define PACKAGE_VERSION "2.5.1"
| #define PACKAGE_STRING "cpuminer 2.5.1"
| #define PACKAGE_BUGREPORT ""
| #define PACKAGE_URL ""
| #define PACKAGE "cpuminer"
| #define VERSION "2.5.1"
| #define HAVE_STDIO_H 1
| #define HAVE_STDLIB_H 1
| #define HAVE_STRING_H 1
| #define HAVE_INTTYPES_H 1
| #define HAVE_STDINT_H 1
| #define HAVE_STRINGS_H 1
| #define HAVE_SYS_STAT_H 1
| #define HAVE_SYS_TYPES_H 1
| #define HAVE_UNISTD_H 1
| #define STDC_HEADERS 1
| #define HAVE_SYS_PARAM_H 1
| #define HAVE_SYSLOG_H 1
| /* end confdefs.h.  */
| 
| int
| main (void)
| {
| (void) strchr;
|   ;
|   return 0;
| }
configure:5454: gcc -c -O3   conftest.c >&5
configure:5454: $? = 0
configure:5471: result: none needed
configure:5485: checking whether be32dec is declared
configure:5485: gcc -c -O3   conftest.c >&5
conftest.c: In function 'main':
conftest.c:63:10: error: 'be32dec' undeclared (first use in this function)
   63 |   (void) be32dec;
      |          ^~~~~~~
conftest.c:63:10: note: each undeclared identifier is reported only once for each function it appears in
configure:5485: $? = 1
configure: failed program was:
| /* confdefs.h */
| #define PACKAGE_NAME "cpuminer"
| #define PACKAGE_TARNAME "cpuminer"
| #define PACKAGE_VERSION "2.5.1"
| #define PACKAGE_STRING "cpuminer 2.5.1"
| #define PACKAGE_BUGREPORT ""
| #define PACKAGE_URL ""
| #define PACKAGE "cpuminer"
| #define VERSION "2.5.1"
| #define HAVE_STDIO_H 1
| #define HAVE_STDLIB_H 1
| #define HAVE_STRING_H 1
| #define HAVE_INTTYPES_H 1
| #define HAVE_STDINT_H 1
| #define HAVE_STRINGS_H 1
| #define HAVE_SYS_STAT_H 1
| #define HAVE_SYS_TYPES_H 1
| #define HAVE_UNISTD_H 1
| #define STDC_HEADERS 1
| #define HAVE_SYS_PARAM_H 1
| #define HAVE_SYSLOG_H 1
| /* end confdefs.h.  */
| #include <stddef.h>
| #ifdef HAVE_STDIO_H
| # include <stdio.h>
| #endif
| #ifdef HAVE_STDLIB_H
| # include <stdlib.h>
| #endif
| #ifdef HAVE_STRING_H
| # include <string.h>
| #endif
| #ifdef HAVE_INTTYPES_H
| # include <inttypes.h>
| #endif
| #ifdef HAVE_STDINT_H
| # include <stdint.h>
| #endif
| #ifdef HAVE_STRINGS_H
| # include <strings.h>
| #endif
| #ifdef HAVE_SYS_TYPES_H
| # include <sys/types.h>
| #endif
| #ifdef HAVE_SYS_STAT_H
| # include <sys/stat.h>
| #endif
| #ifdef HAVE_UNISTD_H
| # include <unistd.h>
| #endif
| #ifdef HAVE_SYS_ENDIAN_H
| #include <sys/endian.h>
| #endif
| 
| 
| int
| main (void)
| {
| #ifndef be32dec
| #ifdef __cplusplus
|   (void) be32dec;
| #else
|   (void) be32dec;
| #endif
| #endif
| 
|   ;
|   return 0;
| }
configure:5485: result: no
configure:5498: checking whether le32dec is declared
configure:5498: gcc -c -O3   conftest.c >&5
conftest.c: In function 'main':
conftest.c:64:10: error: 'le32dec' undeclared (first use in this function)
   64 |   (void) le32dec;
      |          ^~~~~~~
conftest.c:64:10: note: each undeclared identifier is reported only once for each function it appears in
configure:5498: $? = 1
configure: failed program was:
| /* confdefs.h */
| #define PACKAGE_NAME "cpuminer"
| #define PACKAGE_TARNAME "cpuminer"
| #define PACKAGE_VERSION "2.5.1"
| #define PACKAGE_STRING "cpuminer 2.5.1"
| #define PACKAGE_BUGREPORT ""
| #define PACKAGE_URL ""
| #define PACKAGE "cpuminer"
| #define VERSION "2.5.1"
| #define HAVE_STDIO_H 1
| #define HAVE_STDLIB_H 1
| #define HAVE_STRING_H 1
| #define HAVE_INTTYPES_H 1
| #define HAVE_STDINT_H 1
| #define HAVE_STRINGS_H 1
| #define HAVE_SYS_STAT_H 1
| #define HAVE_SYS_TYPES_H 1
| #define HAVE_UNISTD_H 1
| #define STDC_HEADERS 1
| #define HAVE_SYS_PARAM_H 1
| #define HAVE_SYSLOG_H 1
| #define HAVE_DECL_BE32DEC 0
| /* end confdefs.h.  */
| #include <stddef.h>
| #ifdef HAVE_STDIO_H
| # include <stdio.h>
| #endif
| #ifdef HAVE_STDLIB_H
| # include <stdlib.h>
| #endif
| #ifdef HAVE_STRING_H
| # include <string.h>
| #endif
| #ifdef HAVE_INTTYPES_H
| # include <inttypes.h>
| #endif
| #ifdef HAVE_STDINT_H
| # include <stdint.h>
| #endif
| #ifdef HAVE_STRINGS_H
| # include <strings.h>
| #endif
| #ifdef HAVE_SYS_TYPES_H
| # include <sys/types.h>
| #endif
| #ifdef HAVE_SYS_STAT_H
| # include <sys/stat.h>
| #endif
| #ifdef HAVE_UNISTD_H
| # include <unistd.h>
| #endif
| #ifdef HAVE_SYS_ENDIAN_H
| #include <sys/endian.h>
| #endif
| 
| 
| int
| main (void)
| {
| #ifndef le32dec
| #ifdef __cplusplus
|   (void) le32dec;
| #else
|   (void) le32dec;
| #endif
| #endif
| 
|   ;
|   return 0;
| }
configure:5498: result: no
configure:5511: checking whether be32enc is declared
configure:5511: gcc -c -O3   conftest.c >&5
conftest.c: In function 'main':
conftest.c:65:10: error: 'be32enc' undeclared (first use in this function)
   65 |   (void) be32enc;
      |          ^~~~~~~
conftest.c:65:10: note: each undeclared identifier is reported only once for each function it appears in
configure:5511: $? = 1
configure: failed program was:
| /* confdefs.h */
| #define PACKAGE_NAME "cpuminer"
| #define PACKAGE_TARNAME "cpuminer"
| #define PACKAGE_VERSION "2.5.1"
| #define PACKAGE_STRING "cpuminer 2.5.1"
| #define PACKAGE_BUGREPORT ""
| #define PACKAGE_URL ""
| #define PACKAGE "cpuminer"
| #define VERSION "2.5.1"
| #define HAVE_STDIO_H 1
| #define HAVE_STDLIB_H 1
| #define HAVE_STRING_H 1
| #define HAVE_INTTYPES_H 1
| #define HAVE_STDINT_H 1
| #define HAVE_STRINGS_H 1
| #define HAVE_SYS_STAT_H 1
| #define HAVE_SYS_TYPES_H 1
| #define HAVE_UNISTD_H 1
| #define STDC_HEADERS 1
| #define HAVE_SYS_PARAM_H 1
| #define HAVE_SYSLOG_H 1
| #define HAVE_DECL_BE32DEC 0
| #define HAVE_DECL_LE32DEC 0
| /* end confdefs.h.  */
| #include <stddef.h>
| #ifdef HAVE_STDIO_H
| # include <stdio.h>
| #endif
| #ifdef HAVE_STDLIB_H
| # include <stdlib.h>
| #endif
| #ifdef HAVE_STRING_H
| # include <string.h>
| #endif
| #ifdef HAVE_INTTYPES_H
| # include <inttypes.h>
| #endif
| #ifdef HAVE_STDINT_H
| # include <stdint.h>
| #endif
| #ifdef HAVE_STRINGS_H
| # include <strings.h>
| #endif
| #ifdef HAVE_SYS_TYPES_H
| # include <sys/types.h>
| #endif
| #ifdef HAVE_SYS_STAT_H
| # include <sys/stat.h>
| #endif
| #ifdef HAVE_UNISTD_H
| # include <unistd.h>
| #endif
| #ifdef HAVE_SYS_ENDIAN_H
| #include <sys/endian.h>
| #endif
| 
| 
| int
| main (void)
| {
| #ifndef be32enc
| #ifdef __cplusplus
|   (void) be32enc;
| #else
|   (void) be32enc;
| #endif
| #endif
| 
|   ;
|   return 0;
| }
configure:5511: result: no
configure:5524: checking whether le32enc is declared
configure:5524: gcc -c -O3   conftest.c >&5
conftest.c: In function 'main':
conftest.c:66:10: error: 'le32enc' undeclared (first use in this function)
   66 |   (void) le32enc;
      |          ^~~~~~~
conftest.c:66:10: note: each undeclared identifier is reported only once for each function it appears in
configure:5524: $? = 1
configure: failed program was:
| /* confdefs.h */
| #define PACKAGE_NAME "cpuminer"
| #define PACKAGE_TARNAME "cpuminer"
| #define PACKAGE_VERSION "2.5.1"
| #define PACKAGE_STRING "cpuminer 2.5.1"
| #define PACKAGE_BUGREPORT ""
| #define PACKAGE_URL ""
| #define PACKAGE "cpuminer"
| #define VERSION "2.5.1"
| #define HAVE_STDIO_H 1
| #define HAVE_STDLIB_H 1
| #define HAVE_STRING_H 1
| #define HAVE_INTTYPES_H 1
| #define HAVE_STDINT_H 1
| #define HAVE_STRINGS_H 1
| #define HAVE_SYS_STAT_H 1
| #define HAVE_SYS_TYPES_H 1
| #define HAVE_UNISTD_H 1
| #define STDC_HEADERS 1
| #define HAVE_SYS_PARAM_H 1
| #define HAVE_SYSLOG_H 1
| #define HAVE_DECL_BE32DEC 0
| #define HAVE_DECL_LE32DEC 0
| #define HAVE_DECL_BE32ENC 0
| /* end confdefs.h.  */
| #include <stddef.h>
| #ifdef HAVE_STDIO_H
| # include <stdio.h>
| #endif
| #ifdef HAVE_STDLIB_H
| # include <stdlib.h>
| #endif
| #ifdef HAVE_STRING_H
| # include <string.h>
| #endif
| #ifdef HAVE_INTTYPES_H
| # include <inttypes.h>
| #endif
| #ifdef HAVE_STDINT_H
| # include <stdint.h>
| #endif
| #ifdef HAVE_STRINGS_H
| # include <strings.h>
| #endif
| #ifdef HAVE_SYS_TYPES_H
| # include <sys/types.h>
| #endif
| #ifdef HAVE_SYS_STAT_H
| # include <sys/stat.h>
| #endif
| #ifdef HAVE_UNISTD_H
| # include <unistd.h>
| #endif
| #ifdef HAVE_SYS_ENDIAN_H
| #include <sys/endian.h>
| #endif
| 
| 
| int
| main (void)
| {
| #ifndef le32enc
| #ifdef __cplusplus
|   (void) le32enc;
| #else
|   (void) le32enc;
| #endif
| #endif
| 
|   ;
|   return 0;
| }
configure:5524: result: no
configure:5539: checking for size_t
configure:5539: gcc -c -O3  conftest.c >&5
configure:5539: $? = 0
configure:5539: gcc -c -O3  conftest.c >&5
conftest.c: In function 'main':
conftest.c:58:21: error: expected expression before ')' token
   58 | if (sizeof ((size_t)))
      |                     ^
configure:5539: $? = 1
configure: failed program was:
| /* confdefs.h */
| #define PACKAGE_NAME "cpuminer"
| #define PACKAGE_TARNAME "cpuminer"
| #define PACKAGE_VERSION "2.5.1"
| #define PACKAGE_STRING "cpuminer 2.5.1"
| #define PACKAGE_BUGREPORT ""
| #define PACKAGE_URL ""
| #define PACKAGE "cpuminer"
| #define VERSION "2.5.1"
| #define HAVE_STDIO_H 1
| #define HAVE_STDLIB_H 1
| #define HAVE_STRING_H 1
| #define HAVE_INTTYPES_H 1
| #define HAVE_STDINT_H 1
| #define HAVE_STRINGS_H 1
| #define HAVE_SYS_STAT_H 1
| #define HAVE_SYS_TYPES_H 1
| #define HAVE_UNISTD_H 1
| #define STDC_HEADERS 1
| #define HAVE_SYS_PARAM_H 1
| #define HAVE_SYSLOG_H 1
| #define HAVE_DECL_BE32DEC 0
| #define HAVE_DECL_LE32DEC 0
| #define HAVE_DECL_BE32ENC 0
| #define HAVE_DECL_LE32ENC 0
| /* end confdefs.h.  */
| #include <stddef.h>
| #ifdef HAVE_STDIO_H
| # include <stdio.h>
| #endif
| #ifdef HAVE_STDLIB_H
| # include <stdlib.h>
| #endif
| #ifdef HAVE_STRING_H
| # include <string.h>
| #endif
| #ifdef HAVE_INTTYPES_H
| # include <inttypes.h>
| #endif
| #ifdef HAVE_STDINT_H
| # include <stdint.h>
| #endif
| #ifdef HAVE_STRINGS_H
| # include <strings.h>
| #endif
| #ifdef HAVE_SYS_TYPES_H
| # include <sys/types.h>
| #endif
| #ifdef HAVE_SYS_STAT_H
| # include <sys/stat.h>
| #endif
| #ifdef HAVE_UNISTD_H
| # include <unistd.h>
| #endif
| int
| main (void)
| {
| if (sizeof ((size_t)))
| 	    return 0;
|   ;
|   return 0;
| }
configure:5539: result: yes
configure:5551: checking for working alloca.h
configure:5569: gcc -o conftest -O3   conftest.c  >&5
configure:5569: $? = 0
configure:5578: result: yes
configure:5586: checking for alloca
configure:5631: result: yes
configure:5698: checking for getopt_long
configure:5698: gcc -o conftest -O3   conftest.c  >&5
configure:5698: $? = 0
configure:5698: result: yes
configure:5835: checking for json_loads in -ljansson
configure:5858: gcc -o conftest -O3   conftest.c -ljansson   >&5
configure:5858: $? = 0
configure:5868: result: yes
configure:5877: checking for pthread_create in -lpthread
configure:5900: gcc -o conftest -O3   conftest.c -lpthread   >&5
configure:5900: $? = 0
configure:5910: result: yes
configure:6146: checking for gawk
configure:6178: result: gawk
configure:6245: checking for curl-config
configure:6268: found /usr/bin/curl-config
configure:6280: result: /usr/bin/curl-config
configure:6291: checking for the version of libcurl
configure:6299: result: 7.81.0
configure:6306: checking for libcurl >= version 7.15.2
configure:6320: result: yes
configure:6361: checking whether libcurl is usable
configure:6396: gcc -o conftest -O3    conftest.c -lcurl  >&5
configure:6396: $? = 0
configure:6411: result: yes
configure:6424: checking for curl_free
configure:6424: gcc -o conftest -O3    conftest.c  -lcurl >&5
configure:6424: $? = 0
configure:6424: result: yes
configure:6620: checking that generated files are newer than configure
configure:6626: result: done
configure:6685: creating ./config.status

## ---------------------- ##
## Running config.status. ##
## ---------------------- ##

This file was extended by cpuminer config.status 2.5.1, which was
generated by GNU Autoconf 2.71.  Invocation command line was

  CONFIG_FILES    = 
  CONFIG_HEADERS  = 
  CONFIG_LINKS    = 
  CONFIG_COMMANDS = 
  $ ./config.status 

on lima-learning-ebpf

config.status:950: creating Makefile
config.status:950: creating compat/Makefile
config.status:950: creating compat/jansson/Makefile
config.status:950: creating cpuminer-config.h
config.status:1179: executing depfiles commands
config.status:1256: cd .       && sed -e '/# am--include-marker/d' Makefile         | make -f - am--depfiles
config.status:1261: $? = 0
config.status:1256: cd compat/jansson       && sed -e '/# am--include-marker/d' Makefile         | make -f - am--depfiles
config.status:1261: $? = 0

## ---------------- ##
## Cache variables. ##
## ---------------- ##

ac_cv_build=aarch64-unknown-linux-gnu
ac_cv_c_compiler_gnu=yes
ac_cv_c_undeclared_builtin_options='none needed'
ac_cv_env_CCASFLAGS_set=
ac_cv_env_CCASFLAGS_value=
ac_cv_env_CCAS_set=
ac_cv_env_CCAS_value=
ac_cv_env_CC_set=
ac_cv_env_CC_value=
ac_cv_env_CFLAGS_set=set
ac_cv_env_CFLAGS_value=-O3
ac_cv_env_CPPFLAGS_set=
ac_cv_env_CPPFLAGS_value=
ac_cv_env_CPP_set=
ac_cv_env_CPP_value=
ac_cv_env_LDFLAGS_set=
ac_cv_env_LDFLAGS_value=
ac_cv_env_LIBS_set=
ac_cv_env_LIBS_value=
ac_cv_env_build_alias_set=
ac_cv_env_build_alias_value=
ac_cv_env_host_alias_set=
ac_cv_env_host_alias_value=
ac_cv_env_target_alias_set=
ac_cv_env_target_alias_value=
ac_cv_func_alloca_works=yes
ac_cv_func_curl_free=yes
ac_cv_func_getopt_long=yes
ac_cv_have_decl_be32dec=no
ac_cv_have_decl_be32enc=no
ac_cv_have_decl_le32dec=no
ac_cv_have_decl_le32enc=no
ac_cv_header_inttypes_h=yes
ac_cv_header_stdint_h=yes
ac_cv_header_stdio_h=yes
ac_cv_header_stdlib_h=yes
ac_cv_header_string_h=yes
ac_cv_header_strings_h=yes
ac_cv_header_sys_endian_h=no
ac_cv_header_sys_param_h=yes
ac_cv_header_sys_stat_h=yes
ac_cv_header_sys_sysctl_h=no
ac_cv_header_sys_types_h=yes
ac_cv_header_syslog_h=yes
ac_cv_header_unistd_h=yes
ac_cv_host=aarch64-unknown-linux-gnu
ac_cv_lib_jansson_json_loads=yes
ac_cv_lib_pthread_pthread_create=yes
ac_cv_objext=o
ac_cv_path_EGREP='/usr/bin/grep -E'
ac_cv_path_GREP=/usr/bin/grep
ac_cv_path__libcurl_config=/usr/bin/curl-config
ac_cv_path_install='/usr/bin/install -c'
ac_cv_path_mkdir=/usr/bin/mkdir
ac_cv_prog_AWK=gawk
ac_cv_prog_CPP='gcc -E'
ac_cv_prog_ac_ct_CC=gcc
ac_cv_prog_ac_ct_RANLIB=ranlib
ac_cv_prog_cc_c11=
ac_cv_prog_cc_g=yes
ac_cv_prog_cc_stdc=
ac_cv_prog_gcc_traditional=no
ac_cv_prog_make_make_set=yes
ac_cv_target=aarch64-unknown-linux-gnu
ac_cv_type_size_t=yes
ac_cv_working_alloca_h=yes
am_cv_CCAS_dependencies_compiler_type=gcc3
am_cv_CC_dependencies_compiler_type=gcc3
am_cv_make_support_nested_variables=yes
am_cv_prog_cc_c_o=yes
libcurl_cv_lib_curl_usable=yes
libcurl_cv_lib_curl_version=7.81.0
libcurl_cv_lib_version_ok=yes

## ----------------- ##
## Output variables. ##
## ----------------- ##

ACLOCAL='${SHELL} '\''/Users/gyeonghoon_park/cryptojacking_detection/cryptojacker/cpuminer/missing'\'' aclocal-1.16'
ALLOCA=''
AMDEPBACKSLASH='\'
AMDEP_FALSE='#'
AMDEP_TRUE=''
AMTAR='$${TAR-tar}'
AM_BACKSLASH='\'
AM_DEFAULT_V='$(AM_DEFAULT_VERBOSITY)'
AM_DEFAULT_VERBOSITY='1'
AM_V='$(V)'
ARCH_ARM_FALSE=''
ARCH_ARM_TRUE='#'
ARCH_PPC_FALSE=''
ARCH_PPC_TRUE='#'
ARCH_x86_64_FALSE=''
ARCH_x86_64_TRUE='#'
ARCH_x86_FALSE=''
ARCH_x86_TRUE='#'
AUTOCONF='${SHELL} '\''/Users/gyeonghoon_park/cryptojacking_detection/cryptojacker/cpuminer/missing'\'' autoconf'
AUTOHEADER='${SHELL} '\''/Users/gyeonghoon_park/cryptojacking_detection/cryptojacker/cpuminer/missing'\'' autoheader'
AUTOMAKE='${SHELL} '\''/Users/gyeonghoon_park/cryptojacking_detection/cryptojacker/cpuminer/missing'\'' automake-1.16'
AWK='gawk'
CC='gcc'
CCAS='gcc'
CCASDEPMODE='depmode=gcc3'
CCASFLAGS='-O3'
CCDEPMODE='depmode=gcc3'
CFLAGS='-O3'
CPP='gcc -E'
CPPFLAGS=''
CSCOPE='cscope'
CTAGS='ctags'
CYGPATH_W='echo'
DEFS='-DHAVE_CONFIG_H'
DEPDIR='.deps'
ECHO_C=''
ECHO_N='-n'
ECHO_T=''
EGREP='/usr/bin/grep -E'
ETAGS='etags'
EXEEXT=''
GREP='/usr/bin/grep'
HAVE_WINDOWS_FALSE=''
HAVE_WINDOWS_TRUE='#'
INSTALL_DATA='${INSTALL} -m 644'
INSTALL_PROGRAM='${INSTALL}'
INSTALL_SCRIPT='${INSTALL}'
INSTALL_STRIP_PROGRAM='$(install_sh) -c -s'
JANSSON_LIBS='-ljansson'
LDFLAGS=''
LIBCURL='-lcurl'
LIBCURL_CPPFLAGS=''
LIBOBJS=''
LIBS=''
LTLIBOBJS=''
MAINT='#'
MAINTAINER_MODE_FALSE=''
MAINTAINER_MODE_TRUE='#'
MAKEINFO='${SHELL} '\''/Users/gyeonghoon_park/cryptojacking_detection/cryptojacker/cpuminer/missing'\'' makeinfo'
MKDIR_P='/usr/bin/mkdir -p'
OBJEXT='o'
PACKAGE='cpuminer'
PACKAGE_BUGREPORT=''
PACKAGE_NAME='cpuminer'
PACKAGE_STRING='cpuminer 2.5.1'
PACKAGE_TARNAME='cpuminer'
PACKAGE_URL=''
PACKAGE_VERSION='2.5.1'
PATH_SEPARATOR=':'
PTHREAD_FLAGS='-pthread'
PTHREAD_LIBS='-lpthread'
RANLIB='ranlib'
SET_MAKE=''
SHELL='/bin/bash'
STRIP=''
USE_ASM_FALSE='#'
USE_ASM_TRUE=''
VERSION='2.5.1'
WANT_JANSSON_FALSE=''
WANT_JANSSON_TRUE='#'
WS2_LIBS=''
_libcurl_config=''
ac_ct_CC='gcc'
am__EXEEXT_FALSE=''
am__EXEEXT_TRUE='#'
am__fastdepCCAS_FALSE='#'
am__fastdepCCAS_TRUE=''
am__fastdepCC_FALSE='#'
am__fastdepCC_TRUE=''
am__include='include'
am__isrc=''
am__leading_dot='.'
am__nodep='_no'
am__quote=''
am__tar='$${TAR-tar} chof - "$$tardir"'
am__untar='$${TAR-tar} xf -'
bindir='${exec_prefix}/bin'
build='aarch64-unknown-linux-gnu'
build_alias=''
build_cpu='aarch64'
build_os='linux-gnu'
build_vendor='unknown'
datadir='${datarootdir}'
datarootdir='${prefix}/share'
docdir='${datarootdir}/doc/${PACKAGE_TARNAME}'
dvidir='${docdir}'
exec_prefix='${prefix}'
host='aarch64-unknown-linux-gnu'
host_alias=''
host_cpu='aarch64'
host_os='linux-gnu'
host_vendor='unknown'
htmldir='${docdir}'
includedir='${prefix}/include'
infodir='${datarootdir}/info'
install_sh='${SHELL} /Users/gyeonghoon_park/cryptojacking_detection/cryptojacker/cpuminer/install-sh'
libdir='${exec_prefix}/lib'
libexecdir='${exec_prefix}/libexec'
localedir='${datarootdir}/locale'
localstatedir='${prefix}/var'
mandir='${datarootdir}/man'
mkdir_p='$(MKDIR_P)'
oldincludedir='/usr/include'
pdfdir='${docdir}'
prefix='/usr/local'
program_transform_name='s,x,x,'
psdir='${docdir}'
runstatedir='${localstatedir}/run'
sbindir='${exec_prefix}/sbin'
sharedstatedir='${prefix}/com'
sysconfdir='${prefix}/etc'
target='aarch64-unknown-linux-gnu'
target_alias=''
target_cpu='aarch64'
target_os='linux-gnu'
target_vendor='unknown'

## ----------- ##
## confdefs.h. ##
## ----------- ##

/* confdefs.h */
#define PACKAGE_NAME "cpuminer"
#define PACKAGE_TARNAME "cpuminer"
#define PACKAGE_VERSION "2.5.1"
#define PACKAGE_STRING "cpuminer 2.5.1"
#define PACKAGE_BUGREPORT ""
#define PACKAGE_URL ""
#define PACKAGE "cpuminer"
#define VERSION "2.5.1"
#define HAVE_STDIO_H 1
#define HAVE_STDLIB_H 1
#define HAVE_STRING_H 1
#define HAVE_INTTYPES_H 1
#define HAVE_STDINT_H 1
#define HAVE_STRINGS_H 1
#define HAVE_SYS_STAT_H 1
#define HAVE_SYS_TYPES_H 1
#define HAVE_UNISTD_H 1
#define STDC_HEADERS 1
#define HAVE_SYS_PARAM_H 1
#define HAVE_SYSLOG_H 1
#define HAVE_DECL_BE32DEC 0
#define HAVE_DECL_LE32DEC 0
#define HAVE_DECL_BE32ENC 0
#define HAVE_DECL_LE32ENC 0
#define HAVE_ALLOCA_H 1
#define HAVE_ALLOCA 1
#define HAVE_GETOPT_LONG 1
#define USE_ASM 1
#define HAVE_LIBCURL 1
#define LIBCURL_FEATURE_ASYNCHDNS 1
#define LIBCURL_FEATURE_GSS_API 1
#define LIBCURL_FEATURE_HSTS 1
#define LIBCURL_FEATURE_HTTP2 1
#define LIBCURL_FEATURE_HTTPS_PROXY 1
#define LIBCURL_FEATURE_IDN 1
#define LIBCURL_FEATURE_IPV6 1
#define LIBCURL_FEATURE_KERBEROS 1
#define LIBCURL_FEATURE_LARGEFILE 1
#define LIBCURL_FEATURE_NTLM 1
#define LIBCURL_FEATURE_NTLM_WB 1
#define LIBCURL_FEATURE_PSL 1
#define LIBCURL_FEATURE_SPNEGO 1
#define LIBCURL_FEATURE_SSL 1
#define LIBCURL_FEATURE_TLS_SRP 1
#define LIBCURL_FEATURE_UNIXSOCKETS 1
#define LIBCURL_FEATURE_ALT_SVC 1
#define LIBCURL_FEATURE_BROTLI 1
#define LIBCURL_FEATURE_LIBZ 1
#define LIBCURL_FEATURE_ZSTD 1
#define LIBCURL_PROTOCOL_DICT 1
#define LIBCURL_PROTOCOL_FILE 1
#define LIBCURL_PROTOCOL_FTP 1
#define LIBCURL_PROTOCOL_FTPS 1
#define LIBCURL_PROTOCOL_GOPHER 1
#define LIBCURL_PROTOCOL_GOPHERS 1
#define LIBCURL_PROTOCOL_HTTP 1
#define LIBCURL_PROTOCOL_HTTPS 1
#define LIBCURL_PROTOCOL_IMAP 1
#define LIBCURL_PROTOCOL_IMAPS 1
#define LIBCURL_PROTOCOL_LDAP 1
#define LIBCURL_PROTOCOL_LDAPS 1
#define LIBCURL_PROTOCOL_MQTT 1
#define LIBCURL_PROTOCOL_POP3 1
#define LIBCURL_PROTOCOL_POP3S 1
#define LIBCURL_PROTOCOL_RTMP 1
#define LIBCURL_PROTOCOL_RTSP 1
#define LIBCURL_PROTOCOL_SCP 1
#define LIBCURL_PROTOCOL_SFTP 1
#define LIBCURL_PROTOCOL_SMB 1
#define LIBCURL_PROTOCOL_SMBS 1
#define LIBCURL_PROTOCOL_SMTP 1
#define LIBCURL_PROTOCOL_SMTPS 1
#define LIBCURL_PROTOCOL_TELNET 1
#define LIBCURL_PROTOCOL_TFTP 1

configure: exit 0
